[2023-03-27 22:27:26] local.INFO: ErrorException: Undefined array key "password" in C:\xampp\htdocs\Practica-v4\back\vendor\laravel\framework\src\Illuminate\Auth\EloquentUserProvider.php:159
Stack trace:
#0 C:\xampp\htdocs\Practica-v4\back\vendor\laravel\framework\src\Illuminate\Auth\EloquentUserProvider.php(159): Illuminate\Foundation\Bootstrap\HandleExceptions->handleError(2, 'Undefined array...', 'C:\\xampp\\htdocs...', 159)
#1 C:\xampp\htdocs\Practica-v4\back\vendor\tymon\jwt-auth\src\JWTGuard.php(373): Illuminate\Auth\EloquentUserProvider->validateCredentials(Object(App\Models\User), Array)
#2 C:\xampp\htdocs\Practica-v4\back\vendor\tymon\jwt-auth\src\JWTGuard.php(123): Tymon\JWTAuth\JWTGuard->hasValidCredentials(Object(App\Models\User), Array)
#3 C:\xampp\htdocs\Practica-v4\back\vendor\laravel\framework\src\Illuminate\Auth\AuthManager.php(340): Tymon\JWTAuth\JWTGuard->attempt(Array)
#4 C:\xampp\htdocs\Practica-v4\back\app\Http\Controllers\AuthController.php(36): Illuminate\Auth\AuthManager->__call('attempt', Array)
#5 C:\xampp\htdocs\Practica-v4\back\vendor\laravel\framework\src\Illuminate\Routing\Controller.php(54): App\Http\Controllers\AuthController->login()
#6 C:\xampp\htdocs\Practica-v4\back\vendor\laravel\framework\src\Illuminate\Routing\ControllerDispatcher.php(45): Illuminate\Routing\Controller->callAction('login', Array)
#7 C:\xampp\htdocs\Practica-v4\back\vendor\laravel\framework\src\Illuminate\Routing\Route.php(262): Illuminate\Routing\ControllerDispatcher->dispatch(Object(Illuminate\Routing\Route), Object(App\Http\Controllers\AuthController), 'login')
#8 C:\xampp\htdocs\Practica-v4\back\vendor\laravel\framework\src\Illuminate\Routing\Route.php(205): Illuminate\Routing\Route->runController()
#9 C:\xampp\htdocs\Practica-v4\back\vendor\laravel\framework\src\Illuminate\Routing\Router.php(721): Illuminate\Routing\Route->run()
#10 C:\xampp\htdocs\Practica-v4\back\vendor\laravel\framework\src\Illuminate\Pipeline\Pipeline.php(128): Illuminate\Routing\Router->Illuminate\Routing\{closure}(Object(Illuminate\Http\Request))
#11 C:\xampp\htdocs\Practica-v4\back\vendor\laravel\framework\src\Illuminate\Routing\Middleware\SubstituteBindings.php(50): Illuminate\Pipeline\Pipeline->Illuminate\Pipeline\{closure}(Object(Illuminate\Http\Request))
#12 C:\xampp\htdocs\Practica-v4\back\vendor\laravel\framework\src\Illuminate\Pipeline\Pipeline.php(167): Illuminate\Routing\Middleware\SubstituteBindings->handle(Object(Illuminate\Http\Request), Object(Closure))
#13 C:\xampp\htdocs\Practica-v4\back\vendor\laravel\framework\src\Illuminate\Routing\Middleware\ThrottleRequests.php(127): Illuminate\Pipeline\Pipeline->Illuminate\Pipeline\{closure}(Object(Illuminate\Http\Request))
#14 C:\xampp\htdocs\Practica-v4\back\vendor\laravel\framework\src\Illuminate\Routing\Middleware\ThrottleRequests.php(103): Illuminate\Routing\Middleware\ThrottleRequests->handleRequest(Object(Illuminate\Http\Request), Object(Closure), Array)
#15 C:\xampp\htdocs\Practica-v4\back\vendor\laravel\framework\src\Illuminate\Routing\Middleware\ThrottleRequests.php(55): Illuminate\Routing\Middleware\ThrottleRequests->handleRequestUsingNamedLimiter(Object(Illuminate\Http\Request), Object(Closure), 'api', Object(Closure))
#16 C:\xampp\htdocs\Practica-v4\back\vendor\laravel\framework\src\Illuminate\Pipeline\Pipeline.php(167): Illuminate\Routing\Middleware\ThrottleRequests->handle(Object(Illuminate\Http\Request), Object(Closure), 'api')
#17 C:\xampp\htdocs\Practica-v4\back\vendor\laravel\sanctum\src\Http\Middleware\EnsureFrontendRequestsAreStateful.php(33): Illuminate\Pipeline\Pipeline->Illuminate\Pipeline\{closure}(Object(Illuminate\Http\Request))
#18 C:\xampp\htdocs\Practica-v4\back\vendor\laravel\framework\src\Illuminate\Pipeline\Pipeline.php(128): Laravel\Sanctum\Http\Middleware\EnsureFrontendRequestsAreStateful->Laravel\Sanctum\Http\Middleware\{closure}(Object(Illuminate\Http\Request))
#19 C:\xampp\htdocs\Practica-v4\back\vendor\laravel\framework\src\Illuminate\Foundation\Http\Middleware\VerifyCsrfToken.php(78): Illuminate\Pipeline\Pipeline->Illuminate\Pipeline\{closure}(Object(Illuminate\Http\Request))
#20 C:\xampp\htdocs\Practica-v4\back\vendor\laravel\framework\src\Illuminate\Pipeline\Pipeline.php(167): Illuminate\Foundation\Http\Middleware\VerifyCsrfToken->handle(Object(Illuminate\Http\Request), Object(Closure))
#21 C:\xampp\htdocs\Practica-v4\back\vendor\laravel\framework\src\Illuminate\Session\Middleware\StartSession.php(121): Illuminate\Pipeline\Pipeline->Illuminate\Pipeline\{closure}(Object(Illuminate\Http\Request))
#22 C:\xampp\htdocs\Practica-v4\back\vendor\laravel\framework\src\Illuminate\Session\Middleware\StartSession.php(64): Illuminate\Session\Middleware\StartSession->handleStatefulRequest(Object(Illuminate\Http\Request), Object(Illuminate\Session\Store), Object(Closure))
#23 C:\xampp\htdocs\Practica-v4\back\vendor\laravel\framework\src\Illuminate\Pipeline\Pipeline.php(167): Illuminate\Session\Middleware\StartSession->handle(Object(Illuminate\Http\Request), Object(Closure))
#24 C:\xampp\htdocs\Practica-v4\back\vendor\laravel\framework\src\Illuminate\Cookie\Middleware\AddQueuedCookiesToResponse.php(37): Illuminate\Pipeline\Pipeline->Illuminate\Pipeline\{closure}(Object(Illuminate\Http\Request))
#25 C:\xampp\htdocs\Practica-v4\back\vendor\laravel\framework\src\Illuminate\Pipeline\Pipeline.php(167): Illuminate\Cookie\Middleware\AddQueuedCookiesToResponse->handle(Object(Illuminate\Http\Request), Object(Closure))
#26 C:\xampp\htdocs\Practica-v4\back\vendor\laravel\framework\src\Illuminate\Cookie\Middleware\EncryptCookies.php(67): Illuminate\Pipeline\Pipeline->Illuminate\Pipeline\{closure}(Object(Illuminate\Http\Request))
#27 C:\xampp\htdocs\Practica-v4\back\vendor\laravel\framework\src\Illuminate\Pipeline\Pipeline.php(167): Illuminate\Cookie\Middleware\EncryptCookies->handle(Object(Illuminate\Http\Request), Object(Closure))
#28 C:\xampp\htdocs\Practica-v4\back\vendor\laravel\sanctum\src\Http\Middleware\EnsureFrontendRequestsAreStateful.php(26): Illuminate\Pipeline\Pipeline->Illuminate\Pipeline\{closure}(Object(Illuminate\Http\Request))
#29 C:\xampp\htdocs\Practica-v4\back\vendor\laravel\framework\src\Illuminate\Pipeline\Pipeline.php(149): Laravel\Sanctum\Http\Middleware\EnsureFrontendRequestsAreStateful->Laravel\Sanctum\Http\Middleware\{closure}(Object(Illuminate\Http\Request), Object(Closure))
#30 C:\xampp\htdocs\Practica-v4\back\vendor\laravel\framework\src\Illuminate\Pipeline\Pipeline.php(103): Illuminate\Pipeline\Pipeline->Illuminate\Pipeline\{closure}(Object(Illuminate\Http\Request))
#31 C:\xampp\htdocs\Practica-v4\back\vendor\laravel\sanctum\src\Http\Middleware\EnsureFrontendRequestsAreStateful.php(34): Illuminate\Pipeline\Pipeline->then(Object(Closure))
#32 C:\xampp\htdocs\Practica-v4\back\vendor\laravel\framework\src\Illuminate\Pipeline\Pipeline.php(167): Laravel\Sanctum\Http\Middleware\EnsureFrontendRequestsAreStateful->handle(Object(Illuminate\Http\Request), Object(Closure))
#33 C:\xampp\htdocs\Practica-v4\back\vendor\laravel\framework\src\Illuminate\Pipeline\Pipeline.php(103): Illuminate\Pipeline\Pipeline->Illuminate\Pipeline\{closure}(Object(Illuminate\Http\Request))
#34 C:\xampp\htdocs\Practica-v4\back\vendor\laravel\framework\src\Illuminate\Routing\Router.php(723): Illuminate\Pipeline\Pipeline->then(Object(Closure))
#35 C:\xampp\htdocs\Practica-v4\back\vendor\laravel\framework\src\Illuminate\Routing\Router.php(698): Illuminate\Routing\Router->runRouteWithinStack(Object(Illuminate\Routing\Route), Object(Illuminate\Http\Request))
#36 C:\xampp\htdocs\Practica-v4\back\vendor\laravel\framework\src\Illuminate\Routing\Router.php(662): Illuminate\Routing\Router->runRoute(Object(Illuminate\Http\Request), Object(Illuminate\Routing\Route))
#37 C:\xampp\htdocs\Practica-v4\back\vendor\laravel\framework\src\Illuminate\Routing\Router.php(651): Illuminate\Routing\Router->dispatchToRoute(Object(Illuminate\Http\Request))
#38 C:\xampp\htdocs\Practica-v4\back\vendor\laravel\framework\src\Illuminate\Foundation\Http\Kernel.php(167): Illuminate\Routing\Router->dispatch(Object(Illuminate\Http\Request))
#39 C:\xampp\htdocs\Practica-v4\back\vendor\laravel\framework\src\Illuminate\Pipeline\Pipeline.php(128): Illuminate\Foundation\Http\Kernel->Illuminate\Foundation\Http\{closure}(Object(Illuminate\Http\Request))
#40 C:\xampp\htdocs\Practica-v4\back\vendor\laravel\framework\src\Illuminate\Foundation\Http\Middleware\TransformsRequest.php(21): Illuminate\Pipeline\Pipeline->Illuminate\Pipeline\{closure}(Object(Illuminate\Http\Request))
#41 C:\xampp\htdocs\Practica-v4\back\vendor\laravel\framework\src\Illuminate\Foundation\Http\Middleware\ConvertEmptyStringsToNull.php(31): Illuminate\Foundation\Http\Middleware\TransformsRequest->handle(Object(Illuminate\Http\Request), Object(Closure))
#42 C:\xampp\htdocs\Practica-v4\back\vendor\laravel\framework\src\Illuminate\Pipeline\Pipeline.php(167): Illuminate\Foundation\Http\Middleware\ConvertEmptyStringsToNull->handle(Object(Illuminate\Http\Request), Object(Closure))
#43 C:\xampp\htdocs\Practica-v4\back\vendor\laravel\framework\src\Illuminate\Foundation\Http\Middleware\TransformsRequest.php(21): Illuminate\Pipeline\Pipeline->Illuminate\Pipeline\{closure}(Object(Illuminate\Http\Request))
#44 C:\xampp\htdocs\Practica-v4\back\vendor\laravel\framework\src\Illuminate\Foundation\Http\Middleware\TrimStrings.php(40): Illuminate\Foundation\Http\Middleware\TransformsRequest->handle(Object(Illuminate\Http\Request), Object(Closure))
#45 C:\xampp\htdocs\Practica-v4\back\vendor\laravel\framework\src\Illuminate\Pipeline\Pipeline.php(167): Illuminate\Foundation\Http\Middleware\TrimStrings->handle(Object(Illuminate\Http\Request), Object(Closure))
#46 C:\xampp\htdocs\Practica-v4\back\vendor\laravel\framework\src\Illuminate\Foundation\Http\Middleware\ValidatePostSize.php(27): Illuminate\Pipeline\Pipeline->Illuminate\Pipeline\{closure}(Object(Illuminate\Http\Request))
#47 C:\xampp\htdocs\Practica-v4\back\vendor\laravel\framework\src\Illuminate\Pipeline\Pipeline.php(167): Illuminate\Foundation\Http\Middleware\ValidatePostSize->handle(Object(Illuminate\Http\Request), Object(Closure))
#48 C:\xampp\htdocs\Practica-v4\back\vendor\laravel\framework\src\Illuminate\Foundation\Http\Middleware\PreventRequestsDuringMaintenance.php(86): Illuminate\Pipeline\Pipeline->Illuminate\Pipeline\{closure}(Object(Illuminate\Http\Request))
#49 C:\xampp\htdocs\Practica-v4\back\vendor\laravel\framework\src\Illuminate\Pipeline\Pipeline.php(167): Illuminate\Foundation\Http\Middleware\PreventRequestsDuringMaintenance->handle(Object(Illuminate\Http\Request), Object(Closure))
#50 C:\xampp\htdocs\Practica-v4\back\vendor\laravel\framework\src\Illuminate\Http\Middleware\TrustProxies.php(39): Illuminate\Pipeline\Pipeline->Illuminate\Pipeline\{closure}(Object(Illuminate\Http\Request))
#51 C:\xampp\htdocs\Practica-v4\back\vendor\laravel\framework\src\Illuminate\Pipeline\Pipeline.php(167): Illuminate\Http\Middleware\TrustProxies->handle(Object(Illuminate\Http\Request), Object(Closure))
#52 C:\xampp\htdocs\Practica-v4\back\vendor\fruitcake\laravel-cors\src\HandleCors.php(52): Illuminate\Pipeline\Pipeline->Illuminate\Pipeline\{closure}(Object(Illuminate\Http\Request))
#53 C:\xampp\htdocs\Practica-v4\back\vendor\laravel\framework\src\Illuminate\Pipeline\Pipeline.php(167): Fruitcake\Cors\HandleCors->handle(Object(Illuminate\Http\Request), Object(Closure))
#54 C:\xampp\htdocs\Practica-v4\back\vendor\laravel\framework\src\Illuminate\Pipeline\Pipeline.php(103): Illuminate\Pipeline\Pipeline->Illuminate\Pipeline\{closure}(Object(Illuminate\Http\Request))
#55 C:\xampp\htdocs\Practica-v4\back\vendor\laravel\framework\src\Illuminate\Foundation\Http\Kernel.php(142): Illuminate\Pipeline\Pipeline->then(Object(Closure))
#56 C:\xampp\htdocs\Practica-v4\back\vendor\laravel\framework\src\Illuminate\Foundation\Http\Kernel.php(111): Illuminate\Foundation\Http\Kernel->sendRequestThroughRouter(Object(Illuminate\Http\Request))
#57 C:\xampp\htdocs\Practica-v4\back\public\index.php(52): Illuminate\Foundation\Http\Kernel->handle(Object(Illuminate\Http\Request))
#58 C:\xampp\htdocs\Practica-v4\back\server.php(21): require_once('C:\\xampp\\htdocs...')
#59 {main}  
[2023-03-27 22:28:46] local.INFO: ErrorException: Undefined array key "password" in C:\xampp\htdocs\Practica-v4\back\vendor\laravel\framework\src\Illuminate\Auth\EloquentUserProvider.php:159
Stack trace:
#0 C:\xampp\htdocs\Practica-v4\back\vendor\laravel\framework\src\Illuminate\Auth\EloquentUserProvider.php(159): Illuminate\Foundation\Bootstrap\HandleExceptions->handleError(2, 'Undefined array...', 'C:\\xampp\\htdocs...', 159)
#1 C:\xampp\htdocs\Practica-v4\back\vendor\tymon\jwt-auth\src\JWTGuard.php(373): Illuminate\Auth\EloquentUserProvider->validateCredentials(Object(App\Models\User), Array)
#2 C:\xampp\htdocs\Practica-v4\back\vendor\tymon\jwt-auth\src\JWTGuard.php(123): Tymon\JWTAuth\JWTGuard->hasValidCredentials(Object(App\Models\User), Array)
#3 C:\xampp\htdocs\Practica-v4\back\vendor\laravel\framework\src\Illuminate\Auth\AuthManager.php(340): Tymon\JWTAuth\JWTGuard->attempt(Array)
#4 C:\xampp\htdocs\Practica-v4\back\app\Http\Controllers\AuthController.php(36): Illuminate\Auth\AuthManager->__call('attempt', Array)
#5 C:\xampp\htdocs\Practica-v4\back\vendor\laravel\framework\src\Illuminate\Routing\Controller.php(54): App\Http\Controllers\AuthController->login()
#6 C:\xampp\htdocs\Practica-v4\back\vendor\laravel\framework\src\Illuminate\Routing\ControllerDispatcher.php(45): Illuminate\Routing\Controller->callAction('login', Array)
#7 C:\xampp\htdocs\Practica-v4\back\vendor\laravel\framework\src\Illuminate\Routing\Route.php(262): Illuminate\Routing\ControllerDispatcher->dispatch(Object(Illuminate\Routing\Route), Object(App\Http\Controllers\AuthController), 'login')
#8 C:\xampp\htdocs\Practica-v4\back\vendor\laravel\framework\src\Illuminate\Routing\Route.php(205): Illuminate\Routing\Route->runController()
#9 C:\xampp\htdocs\Practica-v4\back\vendor\laravel\framework\src\Illuminate\Routing\Router.php(721): Illuminate\Routing\Route->run()
#10 C:\xampp\htdocs\Practica-v4\back\vendor\laravel\framework\src\Illuminate\Pipeline\Pipeline.php(128): Illuminate\Routing\Router->Illuminate\Routing\{closure}(Object(Illuminate\Http\Request))
#11 C:\xampp\htdocs\Practica-v4\back\vendor\laravel\framework\src\Illuminate\Routing\Middleware\SubstituteBindings.php(50): Illuminate\Pipeline\Pipeline->Illuminate\Pipeline\{closure}(Object(Illuminate\Http\Request))
#12 C:\xampp\htdocs\Practica-v4\back\vendor\laravel\framework\src\Illuminate\Pipeline\Pipeline.php(167): Illuminate\Routing\Middleware\SubstituteBindings->handle(Object(Illuminate\Http\Request), Object(Closure))
#13 C:\xampp\htdocs\Practica-v4\back\vendor\laravel\framework\src\Illuminate\Routing\Middleware\ThrottleRequests.php(127): Illuminate\Pipeline\Pipeline->Illuminate\Pipeline\{closure}(Object(Illuminate\Http\Request))
#14 C:\xampp\htdocs\Practica-v4\back\vendor\laravel\framework\src\Illuminate\Routing\Middleware\ThrottleRequests.php(103): Illuminate\Routing\Middleware\ThrottleRequests->handleRequest(Object(Illuminate\Http\Request), Object(Closure), Array)
#15 C:\xampp\htdocs\Practica-v4\back\vendor\laravel\framework\src\Illuminate\Routing\Middleware\ThrottleRequests.php(55): Illuminate\Routing\Middleware\ThrottleRequests->handleRequestUsingNamedLimiter(Object(Illuminate\Http\Request), Object(Closure), 'api', Object(Closure))
#16 C:\xampp\htdocs\Practica-v4\back\vendor\laravel\framework\src\Illuminate\Pipeline\Pipeline.php(167): Illuminate\Routing\Middleware\ThrottleRequests->handle(Object(Illuminate\Http\Request), Object(Closure), 'api')
#17 C:\xampp\htdocs\Practica-v4\back\vendor\laravel\sanctum\src\Http\Middleware\EnsureFrontendRequestsAreStateful.php(33): Illuminate\Pipeline\Pipeline->Illuminate\Pipeline\{closure}(Object(Illuminate\Http\Request))
#18 C:\xampp\htdocs\Practica-v4\back\vendor\laravel\framework\src\Illuminate\Pipeline\Pipeline.php(128): Laravel\Sanctum\Http\Middleware\EnsureFrontendRequestsAreStateful->Laravel\Sanctum\Http\Middleware\{closure}(Object(Illuminate\Http\Request))
#19 C:\xampp\htdocs\Practica-v4\back\vendor\laravel\framework\src\Illuminate\Foundation\Http\Middleware\VerifyCsrfToken.php(78): Illuminate\Pipeline\Pipeline->Illuminate\Pipeline\{closure}(Object(Illuminate\Http\Request))
#20 C:\xampp\htdocs\Practica-v4\back\vendor\laravel\framework\src\Illuminate\Pipeline\Pipeline.php(167): Illuminate\Foundation\Http\Middleware\VerifyCsrfToken->handle(Object(Illuminate\Http\Request), Object(Closure))
#21 C:\xampp\htdocs\Practica-v4\back\vendor\laravel\framework\src\Illuminate\Session\Middleware\StartSession.php(121): Illuminate\Pipeline\Pipeline->Illuminate\Pipeline\{closure}(Object(Illuminate\Http\Request))
#22 C:\xampp\htdocs\Practica-v4\back\vendor\laravel\framework\src\Illuminate\Session\Middleware\StartSession.php(64): Illuminate\Session\Middleware\StartSession->handleStatefulRequest(Object(Illuminate\Http\Request), Object(Illuminate\Session\Store), Object(Closure))
#23 C:\xampp\htdocs\Practica-v4\back\vendor\laravel\framework\src\Illuminate\Pipeline\Pipeline.php(167): Illuminate\Session\Middleware\StartSession->handle(Object(Illuminate\Http\Request), Object(Closure))
#24 C:\xampp\htdocs\Practica-v4\back\vendor\laravel\framework\src\Illuminate\Cookie\Middleware\AddQueuedCookiesToResponse.php(37): Illuminate\Pipeline\Pipeline->Illuminate\Pipeline\{closure}(Object(Illuminate\Http\Request))
#25 C:\xampp\htdocs\Practica-v4\back\vendor\laravel\framework\src\Illuminate\Pipeline\Pipeline.php(167): Illuminate\Cookie\Middleware\AddQueuedCookiesToResponse->handle(Object(Illuminate\Http\Request), Object(Closure))
#26 C:\xampp\htdocs\Practica-v4\back\vendor\laravel\framework\src\Illuminate\Cookie\Middleware\EncryptCookies.php(67): Illuminate\Pipeline\Pipeline->Illuminate\Pipeline\{closure}(Object(Illuminate\Http\Request))
#27 C:\xampp\htdocs\Practica-v4\back\vendor\laravel\framework\src\Illuminate\Pipeline\Pipeline.php(167): Illuminate\Cookie\Middleware\EncryptCookies->handle(Object(Illuminate\Http\Request), Object(Closure))
#28 C:\xampp\htdocs\Practica-v4\back\vendor\laravel\sanctum\src\Http\Middleware\EnsureFrontendRequestsAreStateful.php(26): Illuminate\Pipeline\Pipeline->Illuminate\Pipeline\{closure}(Object(Illuminate\Http\Request))
#29 C:\xampp\htdocs\Practica-v4\back\vendor\laravel\framework\src\Illuminate\Pipeline\Pipeline.php(149): Laravel\Sanctum\Http\Middleware\EnsureFrontendRequestsAreStateful->Laravel\Sanctum\Http\Middleware\{closure}(Object(Illuminate\Http\Request), Object(Closure))
#30 C:\xampp\htdocs\Practica-v4\back\vendor\laravel\framework\src\Illuminate\Pipeline\Pipeline.php(103): Illuminate\Pipeline\Pipeline->Illuminate\Pipeline\{closure}(Object(Illuminate\Http\Request))
#31 C:\xampp\htdocs\Practica-v4\back\vendor\laravel\sanctum\src\Http\Middleware\EnsureFrontendRequestsAreStateful.php(34): Illuminate\Pipeline\Pipeline->then(Object(Closure))
#32 C:\xampp\htdocs\Practica-v4\back\vendor\laravel\framework\src\Illuminate\Pipeline\Pipeline.php(167): Laravel\Sanctum\Http\Middleware\EnsureFrontendRequestsAreStateful->handle(Object(Illuminate\Http\Request), Object(Closure))
#33 C:\xampp\htdocs\Practica-v4\back\vendor\laravel\framework\src\Illuminate\Pipeline\Pipeline.php(103): Illuminate\Pipeline\Pipeline->Illuminate\Pipeline\{closure}(Object(Illuminate\Http\Request))
#34 C:\xampp\htdocs\Practica-v4\back\vendor\laravel\framework\src\Illuminate\Routing\Router.php(723): Illuminate\Pipeline\Pipeline->then(Object(Closure))
#35 C:\xampp\htdocs\Practica-v4\back\vendor\laravel\framework\src\Illuminate\Routing\Router.php(698): Illuminate\Routing\Router->runRouteWithinStack(Object(Illuminate\Routing\Route), Object(Illuminate\Http\Request))
#36 C:\xampp\htdocs\Practica-v4\back\vendor\laravel\framework\src\Illuminate\Routing\Router.php(662): Illuminate\Routing\Router->runRoute(Object(Illuminate\Http\Request), Object(Illuminate\Routing\Route))
#37 C:\xampp\htdocs\Practica-v4\back\vendor\laravel\framework\src\Illuminate\Routing\Router.php(651): Illuminate\Routing\Router->dispatchToRoute(Object(Illuminate\Http\Request))
#38 C:\xampp\htdocs\Practica-v4\back\vendor\laravel\framework\src\Illuminate\Foundation\Http\Kernel.php(167): Illuminate\Routing\Router->dispatch(Object(Illuminate\Http\Request))
#39 C:\xampp\htdocs\Practica-v4\back\vendor\laravel\framework\src\Illuminate\Pipeline\Pipeline.php(128): Illuminate\Foundation\Http\Kernel->Illuminate\Foundation\Http\{closure}(Object(Illuminate\Http\Request))
#40 C:\xampp\htdocs\Practica-v4\back\vendor\laravel\framework\src\Illuminate\Foundation\Http\Middleware\TransformsRequest.php(21): Illuminate\Pipeline\Pipeline->Illuminate\Pipeline\{closure}(Object(Illuminate\Http\Request))
#41 C:\xampp\htdocs\Practica-v4\back\vendor\laravel\framework\src\Illuminate\Foundation\Http\Middleware\ConvertEmptyStringsToNull.php(31): Illuminate\Foundation\Http\Middleware\TransformsRequest->handle(Object(Illuminate\Http\Request), Object(Closure))
#42 C:\xampp\htdocs\Practica-v4\back\vendor\laravel\framework\src\Illuminate\Pipeline\Pipeline.php(167): Illuminate\Foundation\Http\Middleware\ConvertEmptyStringsToNull->handle(Object(Illuminate\Http\Request), Object(Closure))
#43 C:\xampp\htdocs\Practica-v4\back\vendor\laravel\framework\src\Illuminate\Foundation\Http\Middleware\TransformsRequest.php(21): Illuminate\Pipeline\Pipeline->Illuminate\Pipeline\{closure}(Object(Illuminate\Http\Request))
#44 C:\xampp\htdocs\Practica-v4\back\vendor\laravel\framework\src\Illuminate\Foundation\Http\Middleware\TrimStrings.php(40): Illuminate\Foundation\Http\Middleware\TransformsRequest->handle(Object(Illuminate\Http\Request), Object(Closure))
#45 C:\xampp\htdocs\Practica-v4\back\vendor\laravel\framework\src\Illuminate\Pipeline\Pipeline.php(167): Illuminate\Foundation\Http\Middleware\TrimStrings->handle(Object(Illuminate\Http\Request), Object(Closure))
#46 C:\xampp\htdocs\Practica-v4\back\vendor\laravel\framework\src\Illuminate\Foundation\Http\Middleware\ValidatePostSize.php(27): Illuminate\Pipeline\Pipeline->Illuminate\Pipeline\{closure}(Object(Illuminate\Http\Request))
#47 C:\xampp\htdocs\Practica-v4\back\vendor\laravel\framework\src\Illuminate\Pipeline\Pipeline.php(167): Illuminate\Foundation\Http\Middleware\ValidatePostSize->handle(Object(Illuminate\Http\Request), Object(Closure))
#48 C:\xampp\htdocs\Practica-v4\back\vendor\laravel\framework\src\Illuminate\Foundation\Http\Middleware\PreventRequestsDuringMaintenance.php(86): Illuminate\Pipeline\Pipeline->Illuminate\Pipeline\{closure}(Object(Illuminate\Http\Request))
#49 C:\xampp\htdocs\Practica-v4\back\vendor\laravel\framework\src\Illuminate\Pipeline\Pipeline.php(167): Illuminate\Foundation\Http\Middleware\PreventRequestsDuringMaintenance->handle(Object(Illuminate\Http\Request), Object(Closure))
#50 C:\xampp\htdocs\Practica-v4\back\vendor\laravel\framework\src\Illuminate\Http\Middleware\TrustProxies.php(39): Illuminate\Pipeline\Pipeline->Illuminate\Pipeline\{closure}(Object(Illuminate\Http\Request))
#51 C:\xampp\htdocs\Practica-v4\back\vendor\laravel\framework\src\Illuminate\Pipeline\Pipeline.php(167): Illuminate\Http\Middleware\TrustProxies->handle(Object(Illuminate\Http\Request), Object(Closure))
#52 C:\xampp\htdocs\Practica-v4\back\vendor\fruitcake\laravel-cors\src\HandleCors.php(52): Illuminate\Pipeline\Pipeline->Illuminate\Pipeline\{closure}(Object(Illuminate\Http\Request))
#53 C:\xampp\htdocs\Practica-v4\back\vendor\laravel\framework\src\Illuminate\Pipeline\Pipeline.php(167): Fruitcake\Cors\HandleCors->handle(Object(Illuminate\Http\Request), Object(Closure))
#54 C:\xampp\htdocs\Practica-v4\back\vendor\laravel\framework\src\Illuminate\Pipeline\Pipeline.php(103): Illuminate\Pipeline\Pipeline->Illuminate\Pipeline\{closure}(Object(Illuminate\Http\Request))
#55 C:\xampp\htdocs\Practica-v4\back\vendor\laravel\framework\src\Illuminate\Foundation\Http\Kernel.php(142): Illuminate\Pipeline\Pipeline->then(Object(Closure))
#56 C:\xampp\htdocs\Practica-v4\back\vendor\laravel\framework\src\Illuminate\Foundation\Http\Kernel.php(111): Illuminate\Foundation\Http\Kernel->sendRequestThroughRouter(Object(Illuminate\Http\Request))
#57 C:\xampp\htdocs\Practica-v4\back\public\index.php(52): Illuminate\Foundation\Http\Kernel->handle(Object(Illuminate\Http\Request))
#58 C:\xampp\htdocs\Practica-v4\back\server.php(21): require_once('C:\\xampp\\htdocs...')
#59 {main}  
